2024-12-02 22:19:13 Loading main app package /usr/lib/obsidian/obsidian.asar
2024-12-02 22:19:13 Checking for update using Github
2024-12-02 22:19:14 Success.
2024-12-02 22:19:14 Latest version is 1.7.7
2024-12-02 22:19:14 App is up to date.
2024-12-02 22:26:47 Loading main app package /usr/lib/obsidian/obsidian.asar
2024-12-02 22:26:47 Checking for update using Github
2024-12-02 22:26:48 Success.
2024-12-02 22:26:48 Latest version is 1.7.7
2024-12-02 22:26:48 App is up to date.
2024-12-02 22:35:22 Loading main app package /usr/lib/obsidian/obsidian.asar
2024-12-02 22:35:22 Checking for update using Github
2024-12-03 05:41:28 Checking for update using Github
2024-12-03 05:41:28 Success.
2024-12-03 05:41:28 Latest version is 1.7.7
2024-12-03 05:41:28 App is up to date.
2024-12-03 05:57:51 Loading main app package /usr/lib/obsidian/obsidian.asar
2024-12-03 05:57:51 Checking for update using Github
2024-12-03 05:57:52 Success.
2024-12-03 05:57:52 Latest version is 1.7.7
2024-12-03 05:57:52 App is up to date.
2024-12-03 05:58:11 Loading main app package /usr/lib/obsidian/obsidian.asar
2024-12-03 05:58:11 Checking for update using Github
2024-12-03 05:58:11 Success.
2024-12-03 05:58:11 Latest version is 1.7.7
2024-12-03 05:58:11 App is up to date.
2024-12-03 05:58:17 Loading main app package /usr/lib/obsidian/obsidian.asar
2024-12-03 05:58:17 Checking for update using Github
2024-12-03 14:45:23 Loading main app package /usr/lib/obsidian/obsidian.asar
2024-12-03 14:45:24 Checking for update using Github
2024-12-03 14:45:24 Success.
2024-12-03 14:45:24 Latest version is 1.7.7
2024-12-03 14:45:24 App is up to date.
2024-12-03 15:45:24 Checking for update using Github
2024-12-03 15:45:24 Success.
2024-12-03 15:45:24 Latest version is 1.7.7
2024-12-03 15:45:24 App is up to date.
2024-12-03 16:55:56 Checking for update using Github
2024-12-03 16:55:56 Success.
2024-12-03 16:55:56 Latest version is 1.7.7
2024-12-03 16:55:56 App is up to date.
2024-12-03 17:55:56 Checking for update using Github
2024-12-03 17:55:56 Success.
2024-12-03 17:55:56 Latest version is 1.7.7
2024-12-03 17:55:56 App is up to date.
2024-12-03 18:04:31 Loading main app package /usr/lib/obsidian/obsidian.asar
2024-12-03 18:04:31 Checking for update using Github
2024-12-03 18:55:56 Checking for update using Github
2024-12-03 18:55:56 Success.
2024-12-03 18:55:56 Latest version is 1.7.7
2024-12-03 18:55:56 App is up to date.
2024-12-03 19:55:56 Checking for update using Github
2024-12-03 19:55:56 Success.
2024-12-03 19:55:56 Latest version is 1.7.7
2024-12-03 19:55:56 App is up to date.
2024-12-03 22:58:57 Loading main app package /usr/lib/obsidian/obsidian.asar
2024-12-03 22:58:57 Checking for update using Github
2024-12-03 22:58:57 Success.
2024-12-03 22:58:57 Latest version is 1.7.7
2024-12-03 22:58:57 App is up to date.
2024-12-03 23:58:57 Checking for update using Github
2024-12-03 23:58:57 Success.
2024-12-03 23:58:57 Latest version is 1.7.7
2024-12-03 23:58:57 App is up to date.
2024-12-04 00:58:57 Checking for update using Github
2024-12-04 00:58:57 Success.
2024-12-04 00:58:57 Latest version is 1.7.7
2024-12-04 00:58:57 App is up to date.
2024-12-04 01:42:53 Loading main app package /usr/lib/obsidian/obsidian.asar
2024-12-04 01:42:54 Checking for update using Github
2024-12-04 01:42:54 Success.
2024-12-04 01:42:54 Latest version is 1.7.7
2024-12-04 01:42:54 App is up to date.
2024-12-04 02:42:53 Checking for update using Github
2024-12-04 02:42:53 Success.
2024-12-04 02:42:53 Latest version is 1.7.7
2024-12-04 02:42:53 App is up to date.
2024-12-04 15:50:07 Loading main app package /usr/lib/obsidian/obsidian.asar
2024-12-04 15:50:08 Checking for update using Github
2024-12-04 15:50:08 Success.
2024-12-04 15:50:08 Latest version is 1.7.7
2024-12-04 15:50:08 App is up to date.
2024-12-04 15:50:16 Loading main app package /usr/lib/obsidian/obsidian.asar
2024-12-04 15:50:16 Checking for update using Github
2024-12-04 15:50:21 Loading main app package /usr/lib/obsidian/obsidian.asar
2024-12-04 15:50:21 Checking for update using Github
2024-12-04 16:50:08 Checking for update using Github
2024-12-04 16:50:08 Success.
2024-12-04 16:50:08 Latest version is 1.7.7
2024-12-04 16:50:08 App is up to date.
2024-12-04 17:50:08 Checking for update using Github
2024-12-04 17:50:08 Success.
2024-12-04 17:50:08 Latest version is 1.7.7
2024-12-04 17:50:08 App is up to date.
2024-12-04 18:50:08 Checking for update using Github
2024-12-04 18:50:08 Success.
2024-12-04 18:50:08 Latest version is 1.7.7
2024-12-04 18:50:08 App is up to date.
2024-12-05 17:11:40 Loading main app package /usr/lib/obsidian/obsidian.asar
2024-12-05 17:11:41 Checking for update using Github
2024-12-05 17:11:41 Success.
2024-12-05 17:11:41 Latest version is 1.7.7
2024-12-05 17:11:41 App is up to date.
2024-12-05 17:15:06 Loading main app package /usr/lib/obsidian/obsidian.asar
2024-12-05 17:15:06 Checking for update using Github
2024-12-05 17:15:06 Success.
2024-12-05 17:15:06 Latest version is 1.7.7
2024-12-05 17:15:06 App is up to date.
2024-12-05 18:15:06 Checking for update using Github
2024-12-05 18:15:06 Success.
2024-12-05 18:15:06 Latest version is 1.7.7
2024-12-05 18:15:06 App is up to date.
2024-12-05 19:15:06 Checking for update using Github
2024-12-05 19:15:06 Success.
2024-12-05 19:15:06 Latest version is 1.7.7
2024-12-05 19:15:06 App is up to date.
2024-12-05 20:15:06 Checking for update using Github
2024-12-05 20:15:06 Success.
2024-12-05 20:15:06 Latest version is 1.7.7
2024-12-05 20:15:06 App is up to date.
2024-12-05 21:15:06 Checking for update using Github
2024-12-05 21:15:06 Success.
2024-12-05 21:15:06 Latest version is 1.7.7
2024-12-05 21:15:06 App is up to date.
2024-12-05 22:15:06 Checking for update using Github
2024-12-05 22:15:06 Success.
2024-12-05 22:15:06 Latest version is 1.7.7
2024-12-05 22:15:06 App is up to date.
2024-12-06 01:40:20 Checking for update using Github
2024-12-06 01:40:20 Success.
2024-12-06 01:40:20 Latest version is 1.7.7
2024-12-06 01:40:20 App is up to date.
2024-12-06 12:36:39 Loading main app package /usr/lib/obsidian/obsidian.asar
2024-12-06 12:36:39 Checking for update using Github
2024-12-06 12:36:39 Success.
2024-12-06 12:36:39 Latest version is 1.7.7
2024-12-06 12:36:39 App is up to date.
2024-12-06 12:37:27 Loading main app package /usr/lib/obsidian/obsidian.asar
2024-12-06 12:37:27 Checking for update using Github
2024-12-06 12:37:27 Success.
2024-12-06 12:37:27 Latest version is 1.7.7
2024-12-06 12:37:27 App is up to date.
2024-12-06 13:37:27 Checking for update using Github
2024-12-06 13:37:27 Success.
2024-12-06 13:37:27 Latest version is 1.7.7
2024-12-06 13:37:27 App is up to date.
2024-12-06 14:37:27 Checking for update using Github
2024-12-06 14:37:28 Success.
2024-12-06 14:37:28 Latest version is 1.7.7
2024-12-06 14:37:28 App is up to date.
2024-12-06 15:37:27 Checking for update using Github
2024-12-06 15:37:28 Success.
2024-12-06 15:37:28 Latest version is 1.7.7
2024-12-06 15:37:28 App is up to date.
2024-12-11 03:58:57 Loading main app package /usr/lib/obsidian/obsidian.asar
2024-12-11 03:58:58 Checking for update using Github
2024-12-11 03:58:58 Success.
2024-12-11 03:58:58 Latest version is 1.7.7
2024-12-11 03:58:58 App is up to date.
2024-12-22 14:39:23 Loading main app package /usr/lib/obsidian/obsidian.asar
2024-12-22 14:39:24 Checking for update using Github
2024-12-22 14:39:24 Success.
2024-12-22 14:39:24 Latest version is 1.7.7
2024-12-22 14:39:24 App is up to date.
2024-12-22 17:58:15 Loading main app package /usr/lib/obsidian/obsidian.asar
2024-12-22 17:58:15 Checking for update using Github
2024-12-22 17:58:15 Success.
2024-12-22 17:58:15 Latest version is 1.7.7
2024-12-22 17:58:15 App is up to date.
2024-12-23 12:44:07 Loading main app package /usr/lib/obsidian/obsidian.asar
2024-12-23 12:44:07 Checking for update using Github
2024-12-23 12:44:07 Success.
2024-12-23 12:44:07 Latest version is 1.7.7
2024-12-23 12:44:07 App is up to date.
2024-12-24 16:00:36 Loading main app package /usr/lib/obsidian/obsidian.asar
2024-12-24 16:00:36 Checking for update using Github
2024-12-24 16:00:36 Success.
2024-12-24 16:00:36 Latest version is 1.7.7
2024-12-24 16:00:36 App is up to date.
2024-12-24 18:05:55 Loading main app package /usr/lib/obsidian/obsidian.asar
2024-12-24 18:05:55 Checking for update using Github
2024-12-24 18:05:56 Success.
2024-12-24 18:05:56 Latest version is 1.7.7
2024-12-24 18:05:56 App is up to date.
2025-02-12 00:07:08 Loading main app package /usr/lib/obsidian/obsidian.asar
2025-02-12 00:07:08 Checking for update using Github
2025-02-12 00:07:08 Success.
2025-02-12 00:07:08 Latest version is 1.8.4
2025-02-12 00:07:08 Downloading update from https://github.com/obsidianmd/obsidian-releases/releases/download/v1.8.4/obsidian-1.8.4.asar.gz
2025-02-12 00:07:09 Verifying hash & signature. Size= 8123782
2025-02-12 00:07:09 Saving file
2025-02-12 00:07:09 Update complete.
2025-02-14 06:38:59 Loading main app package /usr/lib/obsidian/obsidian.asar
2025-02-14 06:38:59 Checking for update using Github
2025-02-14 06:38:59 Success.
2025-02-14 06:38:59 Latest version is 1.8.4
2025-02-14 06:38:59 App is up to date.
2025-02-20 22:55:27 Loading main app package /usr/lib/obsidian/obsidian.asar
2025-02-20 22:55:28 Checking for update using Github
2025-02-20 22:55:28 Success.
2025-02-20 22:55:28 Latest version is 1.8.7
2025-02-20 22:55:28 Downloading update from https://github.com/obsidianmd/obsidian-releases/releases/download/v1.8.7/obsidian-1.8.7.asar.gz
2025-02-20 22:55:28 Verifying hash & signature. Size= 8128038
2025-02-20 22:55:28 Saving file
2025-02-20 22:55:29 Update complete.
2025-02-20 23:12:20 Loading updated app package /home/tomingo/.config/obsidian/obsidian-1.8.7.asar
2025-02-20 23:12:20 Checking for update using Github
2025-02-20 23:12:21 Success.
2025-02-20 23:12:21 Latest version is 1.8.7
2025-02-20 23:12:21 App is up to date.
2025-02-20 23:13:01 Loading updated app package /home/tomingo/.config/obsidian/obsidian-1.8.7.asar
2025-02-20 23:13:01 Checking for update using Github
2025-02-20 23:13:01 Success.
2025-02-20 23:13:01 Latest version is 1.8.7
2025-02-20 23:13:01 App is up to date.
2025-02-20 23:13:57 Loading updated app package /home/tomingo/.config/obsidian/obsidian-1.8.7.asar
2025-02-20 23:13:57 Checking for update using Github
2025-02-20 23:13:57 Success.
2025-02-20 23:13:57 Latest version is 1.8.7
2025-02-20 23:13:57 App is up to date.
2025-02-20 23:29:08 Loading updated app package /home/tomingo/.config/obsidian/obsidian-1.8.7.asar
2025-02-20 23:29:08 Checking for update using Github
2025-02-20 23:29:08 Success.
2025-02-20 23:29:08 Latest version is 1.8.7
2025-02-20 23:29:08 App is up to date.
2025-02-20 23:30:54 Loading updated app package /home/tomingo/.config/obsidian/obsidian-1.8.7.asar
2025-02-20 23:30:54 Checking for update using Github
2025-02-20 23:30:54 Success.
2025-02-20 23:30:54 Latest version is 1.8.7
2025-02-20 23:30:54 App is up to date.
2025-02-21 01:19:08 Loading updated app package /home/tomingo/.config/obsidian/obsidian-1.8.7.asar
2025-02-21 01:19:08 Checking for update using Github
2025-02-21 01:19:08 Success.
2025-02-21 01:19:08 Latest version is 1.8.7
2025-02-21 01:19:08 App is up to date.
2025-02-21 01:29:29 Loading updated app package /home/tomingo/.config/obsidian/obsidian-1.8.7.asar
2025-02-21 01:29:29 Checking for update using Github
2025-02-21 01:29:30 Success.
2025-02-21 01:29:30 Latest version is 1.8.7
2025-02-21 01:29:30 App is up to date.
2025-02-21 02:29:29 Checking for update using Github
2025-02-21 02:29:29 Success.
2025-02-21 02:29:29 Latest version is 1.8.7
2025-02-21 02:29:29 App is up to date.
2025-02-21 03:29:29 Checking for update using Github
2025-02-21 03:29:30 Success.
2025-02-21 03:29:30 Latest version is 1.8.7
2025-02-21 03:29:30 App is up to date.
2025-02-21 04:41:27 Checking for update using Github
2025-02-21 04:41:27 Success.
2025-02-21 04:41:27 Latest version is 1.8.7
2025-02-21 04:41:27 App is up to date.
2025-02-24 18:33:00 Loading updated app package /home/tomingo/.config/obsidian/obsidian-1.8.7.asar
2025-02-24 18:33:00 Checking for update using Github
2025-02-24 18:33:00 Failed to check for update using Github (net::ERR_INTERNET_DISCONNECTED)
2025-02-24 18:33:00 Checking for update using obsidian.md
2025-02-24 18:33:00 Failed to check for update using obsidian.md (net::ERR_INTERNET_DISCONNECTED)
2025-03-13 14:15:21 Loading main app package /usr/lib/obsidian/obsidian.asar
2025-03-13 14:15:21 Checking for update using Github
2025-03-13 14:15:21 Success.
2025-03-13 14:15:21 Latest version is 1.8.9
2025-03-13 14:15:21 Downloading update from https://github.com/obsidianmd/obsidian-releases/releases/download/v1.8.9/obsidian-1.8.9.asar.gz
2025-03-13 14:15:26 Verifying hash & signature. Size= 8125625
2025-03-13 14:15:26 Saving file
2025-03-13 14:15:26 Update complete.
2025-03-13 17:56:41 Loading main app package /usr/lib/obsidian/obsidian.asar
2025-03-13 17:56:41 Checking for update using Github
2025-03-13 17:56:41 Success.
2025-03-13 17:56:41 Latest version is 1.8.9
2025-03-13 17:56:41 App is up to date.
2025-03-20 21:47:07 Loading main app package /usr/lib/obsidian/obsidian.asar
2025-03-20 21:47:07 Checking for update using Github
2025-03-20 21:47:07 Success.
2025-03-20 21:47:07 Latest version is 1.8.9
2025-03-20 21:47:07 App is up to date.
2025-03-23 17:05:14 Loading main app package /usr/lib/obsidian/obsidian.asar
2025-03-23 17:05:14 Checking for update using Github
2025-03-23 17:05:14 Success.
2025-03-23 17:05:14 Latest version is 1.8.9
2025-03-23 17:05:14 App is up to date.
2025-03-23 17:11:08 Loading main app package /usr/lib/obsidian/obsidian.asar
2025-03-23 17:11:08 Checking for update using Github
2025-03-23 17:11:08 Success.
2025-03-23 17:11:08 Latest version is 1.8.9
2025-03-23 17:11:08 App is up to date.
2025-03-24 22:58:29 Loading main app package /usr/lib/obsidian/obsidian.asar
2025-03-24 22:58:29 Checking for update using Github
2025-03-24 22:58:30 Success.
2025-03-24 22:58:30 Latest version is 1.8.9
2025-03-24 22:58:30 App is up to date.
2025-03-24 23:58:29 Checking for update using Github
2025-03-24 23:58:29 Success.
2025-03-24 23:58:29 Latest version is 1.8.9
2025-03-24 23:58:29 App is up to date.
2025-04-16 21:37:05 Loading main app package /usr/lib/obsidian/obsidian.asar
2025-04-16 21:37:05 Checking for update using Github
2025-04-16 21:37:05 Success.
2025-04-16 21:37:05 Latest version is 1.8.9
2025-04-16 21:37:05 App is up to date.
2025-04-26 16:14:58 Loading main app package /usr/lib/obsidian/obsidian.asar
2025-04-26 16:14:58 Checking for update using Github
2025-04-26 16:14:58 Success.
2025-04-26 16:14:58 Latest version is 1.8.10
2025-04-26 16:14:58 Downloading update from https://github.com/obsidianmd/obsidian-releases/releases/download/v1.8.10/obsidian-1.8.10.asar.gz
2025-04-26 16:14:59 Verifying hash & signature. Size= 8128788
2025-04-26 16:14:59 Saving file
2025-04-26 16:14:59 Update complete.
2025-05-05 01:59:41 Loading main app package /usr/lib/obsidian/obsidian.asar
2025-05-05 01:59:41 Checking for update using Github
2025-05-05 01:59:41 Success.
2025-05-05 01:59:41 Latest version is 1.8.10
2025-05-05 01:59:41 App is up to date.
2025-05-05 03:57:09 Checking for update using Github
2025-05-05 03:57:09 Success.
2025-05-05 03:57:09 Latest version is 1.8.10
2025-05-05 03:57:09 App is up to date.
2025-05-05 18:13:45 Loading main app package /usr/lib/obsidian/obsidian.asar
2025-05-05 18:13:45 Checking for update using Github
2025-05-05 18:13:45 Success.
2025-05-05 18:13:45 Latest version is 1.8.10
2025-05-05 18:13:45 App is up to date.
2025-05-05 19:13:45 Checking for update using Github
2025-05-05 19:13:45 Success.
2025-05-05 19:13:45 Latest version is 1.8.10
2025-05-05 19:13:45 App is up to date.
2025-05-05 20:13:45 Checking for update using Github
2025-05-05 20:13:45 Success.
2025-05-05 20:13:45 Latest version is 1.8.10
2025-05-05 20:13:45 App is up to date.
2025-05-05 21:13:45 Checking for update using Github
2025-05-05 21:13:45 Success.
2025-05-05 21:13:45 Latest version is 1.8.10
2025-05-05 21:13:45 App is up to date.
2025-05-06 15:30:32 Checking for update using Github
2025-05-06 15:30:32 Success.
2025-05-06 15:30:32 Latest version is 1.8.10
2025-05-06 15:30:32 App is up to date.
2025-05-06 16:30:32 Checking for update using Github
2025-05-06 16:30:32 Success.
2025-05-06 16:30:32 Latest version is 1.8.10
2025-05-06 16:30:32 App is up to date.
2025-05-06 17:30:32 Checking for update using Github
2025-05-06 17:30:32 Success.
2025-05-06 17:30:32 Latest version is 1.8.10
2025-05-06 17:30:32 App is up to date.
