00:00:00.001336 VirtualBox DHCP Server 7.1.8 r168469 linux.amd64 (Apr 23 2025 07:57:44) release log
00:00:00.001337 Log opened 2025-05-05T19:51:41.504515000Z
00:00:00.001337 Build Type: release
00:00:00.001339 OS Product: Linux
00:00:00.001339 OS Release: 6.14.4-arch1-2
00:00:00.001340 OS Version: #1 SMP PREEMPT_DYNAMIC Tue, 29 Apr 2025 09:23:13 +0000
00:00:00.001359 DMI Product Name: Laptop 16 (AMD Ryzen 7040 Series)
00:00:00.001366 DMI Product Version: AG
00:00:00.001370 Firmware type: UEFI
00:00:00.001458 Secure Boot: Disabled
00:00:00.001490 Host RAM: 31389MB (30.6GB) total, 23475MB (22.9GB) available
00:00:00.001491 Executable: /usr/lib/virtualbox/VBoxNetDHCP
00:00:00.001492 Process ID: 57140
00:00:00.001492 Package type: LINUX_64BITS_GENERIC (OSE)
00:00:00.001502 --config:  HostInterfaceNetworking-vboxnet0
00:00:00.001509 --comment: HostInterfaceNetworking-vboxnet0
00:00:00.001608 IP address:   192.168.56.100/24
00:00:00.001613 Address pool: 192.168.56.101 - 192.168.56.254
00:00:00.001626 MAC address is not specified: will use generated MAC 08:00:27:51:d1:e7
00:00:00.001632 Db::i_enterFixedAddressAssignment: 08:00:27:51:d1:e7: 192.168.56.100
00:00:00.001635 loading leases from /home/tomingo/.config/VirtualBox/HostInterfaceNetworking-vboxnet0-Dhcpd.leases
00:00:00.001686 > LOAD: EXPIRED lease 192.168.56.101 to 08:00:27:20:b2:54, expired, valid from 2025-05-05T04:23:05Z for 600s until 2025-05-05T04:33:05Z
00:00:00.001705 SUP: Opened VMMR0.r0 (/usr/lib/virtualbox/VMMR0.r0) at 0xXXXXXXXXXXXXXXXX.
00:00:30.504851 DISCOVER xid 0xdd4c4624 chaddr 08:00:27:20:b2:54
00:00:30.504887  ciaddr 0.0.0.0
00:00:30.504901  params { 1 121 3 6 12 15 26 28 33 42 51 58 59 119 }
00:00:30.504980   12: 'nixos'
00:00:30.504986   57: 05 d0
00:00:30.504993   60: 'dhcpcd-10.1.0:Linux-6.6.88:x86_64:AuthenticAMD'
00:00:30.504998   116: 01
00:00:30.505004   145: 01
00:00:30.505011 > allocateAddress to client 08:00:27:20:b2:54
00:00:30.505020 > ... found existing binding 192.168.56.101 to 08:00:27:20:b2:54, expired, valid from 2025-05-05T04:23:05Z for 600s until 2025-05-05T04:33:05Z
00:00:30.505037 Lease time 600 secs (default)
00:00:30.505045 >>> requested option 1 (SubnetMask)
00:00:30.505050 ... always supplied
00:00:30.505055 >>> requested option 121 (unknown)
00:00:30.505061 ... not found
00:00:30.505066 >>> requested option 3 (Routers)
00:00:30.505071 ... not found
00:00:30.505088 >>> requested option 6 (DNSes)
00:00:30.505125 ... not found
00:00:30.505130 >>> requested option 12 (HostName)
00:00:30.505136 ... not found
00:00:30.505141 >>> requested option 15 (DomainName)
00:00:30.505162 ... not found
00:00:30.505177 >>> requested option 26 (InterfaceMTU)
00:00:30.505183 ... not found
00:00:30.505190 >>> requested option 28 (BroadcastAddress)
00:00:30.505196 ... not found
00:00:30.505200 >>> requested option 33 (StaticRoute)
00:00:30.505205 ... not found
00:00:30.505210 >>> requested option 42 (NTPServers)
00:00:30.505215 ... not found
00:00:30.505220 >>> requested option 51 (LeaseTime)
00:00:30.505225 ... not found
00:00:30.505229 >>> requested option 58 (RenewalTime)
00:00:30.505234 ... not found
00:00:30.505239 >>> requested option 59 (RebindingTime)
00:00:30.505243 ... not found
00:00:30.505250 >>> requested option 119 (DomainSearch)
00:00:30.505255 ... not found
00:00:30.505263 encoding option 1 (SubnetMask)
00:00:30.505268 encoding option 51 (LeaseTime)
00:00:30.505274 OFFER xid 0xdd4c4624 chaddr 08:00:27:20:b2:54
00:00:30.505290  ciaddr 0.0.0.0 yiaddr 192.168.56.101
00:00:30.505306 encoded message: 548 bytes
00:00:30.505308 00007674000015e0/0000: 02 01 06 00 24 46 4c dd-00 00 00 00 00 00 00 00 ....$FL.........
00:00:30.505313 00007674000015f0/0010: c0 a8 38 65 00 00 00 00-00 00 00 00 08 00 27 20 ..8e..........' 
00:00:30.505315 0000767400001600/0020: b2 54 00 00 00 00 00 00-00 00 00 00 00 00 00 00 .T..............
00:00:30.505317 0000767400001610/0030: 00 00 00 00 00 00 00 00-00 00 00 00 00 00 00 00 ................
00:00:30.505319 0000767400001620/0040: 00 00 00 00 00 00 00 00-00 00 00 00 00 00 00 00 ................
00:00:30.505320 0000767400001630/0050: 00 00 00 00 00 00 00 00-00 00 00 00 00 00 00 00 ................
00:00:30.505322 0000767400001640/0060: 00 00 00 00 00 00 00 00-00 00 00 00 00 00 00 00 ................
00:00:30.505323 0000767400001650/0070: 00 00 00 00 00 00 00 00-00 00 00 00 00 00 00 00 ................
00:00:30.505325 0000767400001660/0080: 00 00 00 00 00 00 00 00-00 00 00 00 00 00 00 00 ................
00:00:30.505327 0000767400001670/0090: 00 00 00 00 00 00 00 00-00 00 00 00 00 00 00 00 ................
00:00:30.505328 0000767400001680/00a0: 00 00 00 00 00 00 00 00-00 00 00 00 00 00 00 00 ................
00:00:30.505330 0000767400001690/00b0: 00 00 00 00 00 00 00 00-00 00 00 00 00 00 00 00 ................
00:00:30.505331 00007674000016a0/00c0: 00 00 00 00 00 00 00 00-00 00 00 00 00 00 00 00 ................
00:00:30.505333 00007674000016b0/00d0: 00 00 00 00 00 00 00 00-00 00 00 00 00 00 00 00 ................
00:00:30.505334 00007674000016c0/00e0: 00 00 00 00 00 00 00 00-00 00 00 00 63 82 53 63 ............c.Sc
00:00:30.505336 00007674000016d0/00f0: 36 04 c0 a8 38 64 35 01-02 01 04 ff ff ff 00 33 6...8d5........3
00:00:30.505338 00007674000016e0/0100: 04 00 00 02 58 ff 00 00-00 00 00 00 00 00 00 00 ....X...........
00:00:30.505340 00007674000016f0/0110: 00 00 00 00 00 00 00 00-00 00 00 00 00 00 00 00 ................
00:00:30.505342 0000767400001700/0120: 00 00 00 00 00 00 00 00-00 00 00 00 00 00 00 00 ................
00:00:30.505343 0000767400001710/0130: 00 00 00 00 00 00 00 00-00 00 00 00 00 00 00 00 ................
00:00:30.505358 0000767400001720/0140: 00 00 00 00 00 00 00 00-00 00 00 00 00 00 00 00 ................
00:00:30.505359 0000767400001730/0150: 00 00 00 00 00 00 00 00-00 00 00 00 00 00 00 00 ................
00:00:30.505361 0000767400001740/0160: 00 00 00 00 00 00 00 00-00 00 00 00 00 00 00 00 ................
00:00:30.505363 0000767400001750/0170: 00 00 00 00 00 00 00 00-00 00 00 00 00 00 00 00 ................
00:00:30.505364 0000767400001760/0180: 00 00 00 00 00 00 00 00-00 00 00 00 00 00 00 00 ................
00:00:30.505366 0000767400001770/0190: 00 00 00 00 00 00 00 00-00 00 00 00 00 00 00 00 ................
00:00:30.505368 0000767400001780/01a0: 00 00 00 00 00 00 00 00-00 00 00 00 00 00 00 00 ................
00:00:30.505372 0000767400001790/01b0: 00 00 00 00 00 00 00 00-00 00 00 00 00 00 00 00 ................
00:00:30.505374 00007674000017a0/01c0: 00 00 00 00 00 00 00 00-00 00 00 00 00 00 00 00 ................
00:00:30.505376 00007674000017b0/01d0: 00 00 00 00 00 00 00 00-00 00 00 00 00 00 00 00 ................
00:00:30.505378 00007674000017c0/01e0: 00 00 00 00 00 00 00 00-00 00 00 00 00 00 00 00 ................
00:00:30.505380 00007674000017d0/01f0: 00 00 00 00 00 00 00 00-00 00 00 00 00 00 00 00 ................
00:00:30.505381 00007674000017e0/0200: 00 00 00 00 00 00 00 00-00 00 00 00 00 00 00 00 ................
00:00:30.505383 00007674000017f0/0210: 00 00 00 00 00 00 00 00-00 00 00 00 00 00 00 00 ................
00:00:30.505385 0000767400001800/0220: 00 00 00 00                                     ....
00:00:30.505710 REQUEST xid 0xdd4c4624 chaddr 08:00:27:20:b2:54
00:00:30.505740  ciaddr 0.0.0.0
00:00:30.505750  for server 192.168.56.100 requested address 192.168.56.101
00:00:30.505767  params { 1 121 3 6 12 15 26 28 33 42 51 58 59 119 }
00:00:30.505844   12: 'nixos'
00:00:30.505849   54: c0 a8 38 64
00:00:30.505855   57: 05 d0
00:00:30.505862   60: 'dhcpcd-10.1.0:Linux-6.6.88:x86_64:AuthenticAMD'
00:00:30.505867   145: 01
00:00:30.505874 > allocateAddress 192.168.56.101 to client 08:00:27:20:b2:54
00:00:30.505882 > ... found existing binding 192.168.56.101 to 08:00:27:20:b2:54, offered, valid from 2025-05-05T19:52:12Z for 600s until 2025-05-05T20:02:12Z
00:00:30.505891 Lease time 600 secs (default)
00:00:30.505897 writing leases to /home/tomingo/.config/VirtualBox/HostInterfaceNetworking-vboxnet0-Dhcpd.leases
00:00:30.509185 >>> requested option 1 (SubnetMask)
00:00:30.509199 ... always supplied
00:00:30.509203 >>> requested option 121 (unknown)
00:00:30.509208 ... not found
00:00:30.509213 >>> requested option 3 (Routers)
00:00:30.509224 ... not found
00:00:30.509233 >>> requested option 6 (DNSes)
00:00:30.509238 ... not found
00:00:30.509242 >>> requested option 12 (HostName)
00:00:30.509246 ... not found
00:00:30.509251 >>> requested option 15 (DomainName)
00:00:30.509255 ... not found
00:00:30.509259 >>> requested option 26 (InterfaceMTU)
00:00:30.509263 ... not found
00:00:30.509268 >>> requested option 28 (BroadcastAddress)
00:00:30.509272 ... not found
00:00:30.509278 >>> requested option 33 (StaticRoute)
00:00:30.509283 ... not found
00:00:30.509288 >>> requested option 42 (NTPServers)
00:00:30.509293 ... not found
00:00:30.509298 >>> requested option 51 (LeaseTime)
00:00:30.509302 ... not found
00:00:30.509307 >>> requested option 58 (RenewalTime)
00:00:30.509312 ... not found
00:00:30.509317 >>> requested option 59 (RebindingTime)
00:00:30.509322 ... not found
00:00:30.509326 >>> requested option 119 (DomainSearch)
00:00:30.509331 ... not found
00:00:30.509337 encoding option 1 (SubnetMask)
00:00:30.509343 encoding option 51 (LeaseTime)
00:00:30.509349 ACK xid 0xdd4c4624 chaddr 08:00:27:20:b2:54
00:00:30.509364  ciaddr 0.0.0.0 yiaddr 192.168.56.101
00:00:30.509378 encoded message: 548 bytes
00:00:30.509380 00007674000015e0/0000: 02 01 06 00 24 46 4c dd-00 00 00 00 00 00 00 00 ....$FL.........
00:00:30.509383 00007674000015f0/0010: c0 a8 38 65 00 00 00 00-00 00 00 00 08 00 27 20 ..8e..........' 
00:00:30.509385 0000767400001600/0020: b2 54 00 00 00 00 00 00-00 00 00 00 00 00 00 00 .T..............
00:00:30.509386 0000767400001610/0030: 00 00 00 00 00 00 00 00-00 00 00 00 00 00 00 00 ................
00:00:30.509387 0000767400001620/0040: 00 00 00 00 00 00 00 00-00 00 00 00 00 00 00 00 ................
00:00:30.509389 0000767400001630/0050: 00 00 00 00 00 00 00 00-00 00 00 00 00 00 00 00 ................
00:00:30.509390 0000767400001640/0060: 00 00 00 00 00 00 00 00-00 00 00 00 00 00 00 00 ................
00:00:30.509391 0000767400001650/0070: 00 00 00 00 00 00 00 00-00 00 00 00 00 00 00 00 ................
00:00:30.509393 0000767400001660/0080: 00 00 00 00 00 00 00 00-00 00 00 00 00 00 00 00 ................
00:00:30.509394 0000767400001670/0090: 00 00 00 00 00 00 00 00-00 00 00 00 00 00 00 00 ................
00:00:30.509396 0000767400001680/00a0: 00 00 00 00 00 00 00 00-00 00 00 00 00 00 00 00 ................
00:00:30.509397 0000767400001690/00b0: 00 00 00 00 00 00 00 00-00 00 00 00 00 00 00 00 ................
00:00:30.509398 00007674000016a0/00c0: 00 00 00 00 00 00 00 00-00 00 00 00 00 00 00 00 ................
00:00:30.509401 00007674000016b0/00d0: 00 00 00 00 00 00 00 00-00 00 00 00 00 00 00 00 ................
00:00:30.509402 00007674000016c0/00e0: 00 00 00 00 00 00 00 00-00 00 00 00 63 82 53 63 ............c.Sc
00:00:30.509403 00007674000016d0/00f0: 36 04 c0 a8 38 64 35 01-05 01 04 ff ff ff 00 33 6...8d5........3
00:00:30.509405 00007674000016e0/0100: 04 00 00 02 58 ff 00 00-00 00 00 00 00 00 00 00 ....X...........
00:00:30.509406 00007674000016f0/0110: 00 00 00 00 00 00 00 00-00 00 00 00 00 00 00 00 ................
00:00:30.509407 0000767400001700/0120: 00 00 00 00 00 00 00 00-00 00 00 00 00 00 00 00 ................
00:00:30.509408 0000767400001710/0130: 00 00 00 00 00 00 00 00-00 00 00 00 00 00 00 00 ................
00:00:30.509410 0000767400001720/0140: 00 00 00 00 00 00 00 00-00 00 00 00 00 00 00 00 ................
00:00:30.509411 0000767400001730/0150: 00 00 00 00 00 00 00 00-00 00 00 00 00 00 00 00 ................
00:00:30.509412 0000767400001740/0160: 00 00 00 00 00 00 00 00-00 00 00 00 00 00 00 00 ................
00:00:30.509413 0000767400001750/0170: 00 00 00 00 00 00 00 00-00 00 00 00 00 00 00 00 ................
00:00:30.509415 0000767400001760/0180: 00 00 00 00 00 00 00 00-00 00 00 00 00 00 00 00 ................
00:00:30.509416 0000767400001770/0190: 00 00 00 00 00 00 00 00-00 00 00 00 00 00 00 00 ................
00:00:30.509417 0000767400001780/01a0: 00 00 00 00 00 00 00 00-00 00 00 00 00 00 00 00 ................
00:00:30.509419 0000767400001790/01b0: 00 00 00 00 00 00 00 00-00 00 00 00 00 00 00 00 ................
00:00:30.509420 00007674000017a0/01c0: 00 00 00 00 00 00 00 00-00 00 00 00 00 00 00 00 ................
00:00:30.509421 00007674000017b0/01d0: 00 00 00 00 00 00 00 00-00 00 00 00 00 00 00 00 ................
00:00:30.509423 00007674000017c0/01e0: 00 00 00 00 00 00 00 00-00 00 00 00 00 00 00 00 ................
00:00:30.509424 00007674000017d0/01f0: 00 00 00 00 00 00 00 00-00 00 00 00 00 00 00 00 ................
00:00:30.509425 00007674000017e0/0200: 00 00 00 00 00 00 00 00-00 00 00 00 00 00 00 00 ................
00:00:30.509426 00007674000017f0/0210: 00 00 00 00 00 00 00 00-00 00 00 00 00 00 00 00 ................
00:00:30.509427 0000767400001800/0220: 00 00 00 00                                     ....
