2025-05-04 21:22:43.743 [info] [main] Log level: Info
2025-05-04 21:22:43.743 [info] [main] Validating found git in: "git"
2025-05-04 21:22:43.743 [info] [main] Using git "2.49.0" from "git"
2025-05-04 21:22:43.743 [info] [Model][doInitialScan] Initial repository scan started
2025-05-04 21:22:43.743 [info] > git rev-parse --show-toplevel [3ms]
2025-05-04 21:22:43.743 [info] > git rev-parse --git-dir --git-common-dir [4ms]
2025-05-04 21:22:43.743 [info] fatal: not a git repository (or any parent up to mount point /)
Stopping at filesystem boundary (GIT_DISCOVERY_ACROSS_FILESYSTEM not set).
2025-05-04 21:22:43.749 [info] > git rev-parse --show-toplevel [1ms]
2025-05-04 21:22:43.754 [info] > git rev-parse --git-dir --git-common-dir [1ms]
2025-05-04 21:22:43.754 [info] fatal: not a git repository (or any parent up to mount point /)
Stopping at filesystem boundary (GIT_DISCOVERY_ACROSS_FILESYSTEM not set).
2025-05-04 21:22:43.760 [info] > git rev-parse --show-toplevel [1ms]
2025-05-04 21:22:43.765 [info] > git rev-parse --git-dir --git-common-dir [1ms]
2025-05-04 21:22:43.765 [info] fatal: not a git repository (or any parent up to mount point /)
Stopping at filesystem boundary (GIT_DISCOVERY_ACROSS_FILESYSTEM not set).
2025-05-04 21:22:43.770 [info] > git rev-parse --show-toplevel [1ms]
2025-05-04 21:22:43.774 [info] > git rev-parse --git-dir --git-common-dir [1ms]
2025-05-04 21:22:43.774 [info] fatal: not a git repository (or any parent up to mount point /)
Stopping at filesystem boundary (GIT_DISCOVERY_ACROSS_FILESYSTEM not set).
2025-05-04 21:22:43.779 [info] > git rev-parse --show-toplevel [1ms]
2025-05-04 21:22:43.784 [info] > git rev-parse --git-dir --git-common-dir [1ms]
2025-05-04 21:22:43.784 [info] fatal: not a git repository (or any parent up to mount point /)
Stopping at filesystem boundary (GIT_DISCOVERY_ACROSS_FILESYSTEM not set).
2025-05-04 21:22:43.790 [info] > git rev-parse --show-toplevel [2ms]
2025-05-04 21:22:43.796 [info] > git rev-parse --git-dir --git-common-dir [1ms]
2025-05-04 21:22:43.796 [info] fatal: not a git repository (or any parent up to mount point /)
Stopping at filesystem boundary (GIT_DISCOVERY_ACROSS_FILESYSTEM not set).
2025-05-04 21:22:43.796 [info] [Model][doInitialScan] Initial repository scan completed - repositories (0), closed repositories (0), parent repositories (0), unsafe repositories (0)
2025-05-04 21:22:45.402 [info] > git rev-parse --show-toplevel [2ms]
2025-05-04 21:22:45.412 [info] > git rev-parse --git-dir --git-common-dir [1ms]
2025-05-04 21:22:45.412 [info] fatal: not a git repository (or any parent up to mount point /)
Stopping at filesystem boundary (GIT_DISCOVERY_ACROSS_FILESYSTEM not set).
2025-05-04 21:22:46.042 [info] > git rev-parse --show-toplevel [1ms]
2025-05-04 21:22:46.051 [info] > git rev-parse --git-dir --git-common-dir [1ms]
2025-05-04 21:22:46.051 [info] fatal: not a git repository (or any parent up to mount point /)
Stopping at filesystem boundary (GIT_DISCOVERY_ACROSS_FILESYSTEM not set).
